\BOOKMARK [1][-]{section.1}{はじめに: SYK模型とは}{}% 1
\BOOKMARK [1][-]{section.2}{2点関数}{}% 2
\BOOKMARK [2][-]{subsection.2.1}{シュウィンガー・ダイソン方程式}{section.2}% 3
\BOOKMARK [2][-]{subsection.2.2}{共形不変性}{section.2}% 4
\BOOKMARK [2][-]{subsection.2.3}{ラージq極限}{section.2}% 5
\BOOKMARK [2][-]{subsection.2.4}{自由エネルギー及びエントロピー}{section.2}% 6
\BOOKMARK [1][-]{section.3}{4点関数}{}% 7
\BOOKMARK [2][-]{subsection.3.1}{Kcの対角化}{section.3}% 8
\BOOKMARK [2][-]{subsection.3.2}{h = 2の場合の取り扱い}{section.3}% 9
\BOOKMARK [2][-]{subsection.3.3}{４点関数: 最終結果}{section.3}% 10
\BOOKMARK [1][-]{section.4}{リパラメトリゼーションの有効理論}{}% 11
\BOOKMARK [1][-]{section.5}{量子カオスとしてのSYK模型}{}% 12
\BOOKMARK [2][-]{subsection.5.1}{量子重力の揺らぎ}{section.5}% 13
\BOOKMARK [2][-]{subsection.5.2}{SYK模型のスペクトラル形状因子}{section.5}% 14
\BOOKMARK [2][-]{subsection.5.3}{スペクトラル形状因子のG、による記述}{section.5}% 15
\BOOKMARK [1][-]{section.6}{量子カオスとしてのブラックホール}{}% 16
\BOOKMARK [1][-]{section.7}{終わりに}{}% 17
\BOOKMARK [1][-]{appendix.A}{有効作用の計算 }{}% 18
\BOOKMARK [1][-]{appendix.B}{係数bの計算 }{}% 19
\BOOKMARK [1][-]{appendix.C}{量子カオス }{}% 20
\BOOKMARK [2][-]{subsection.C.1}{はじめに: カオスとは何か}{appendix.C}% 21
\BOOKMARK [2][-]{subsection.C.2}{時間順序外相関関数}{appendix.C}% 22
\BOOKMARK [2][-]{subsection.C.3}{スペクトラル統計}{appendix.C}% 23
